app.js
app.css
routes.js
util/event_source_handler.js
util/template.js
util/dom.js
util/api.js
widgets/codeeditor/codeeditor.css
widgets/codeeditor/codeeditor.html
widgets/codeeditor/codeeditor.js
widgets/codeeditor/codemirror.css
widgets/codeeditor/codemirror.js
widgets/codeeditor/codemirror_sql.js
views/console/console.css
views/console/console.html
views/console/console.js
views/sql_editor/sql_editor.css
views/sql_editor/sql_editor.html
views/sql_editor/sql_editor.js
views/sql_editor/result_list.js
views/sql_editor/table.css
views/sql_editor/table.html
views/sql_editor/table.js
views/sql_editor/chart.css
views/sql_editor/chart.html
views/sql_editor/chart.js
